[10-06-2022 06:47:01]info: log test#1
[10-06-2022 07:20:55]info: 
 linkedIn_worker SCRIPT START
[10-06-2022 07:20:55]info: linkedIn_worker SCRIPT END 

[10-06-2022 07:27:57]info: 
 linkedIn_worker SCRIPT START
[10-06-2022 07:27:57]info: linkedIn_worker SCRIPT END 

[10-06-2022 07:29:56]info: linkedIn_worker SCRIPT START
[10-06-2022 07:29:56]info: linkedIn_worker SCRIPT END 

[10-06-2022 07:49:41]info: linkedIn_worker SCRIPT START
[10-06-2022 07:49:41]info: linkedIn_worker SCRIPT END 

[10-06-2022 07:51:03]info: linkedIn_worker SCRIPT START
[10-06-2022 07:51:03]info: linkedIn_worker SCRIPT END 

[10-06-2022 07:53:04]info: linkedIn_worker SCRIPT START
[10-06-2022 07:53:04]info: linkedIn_worker SCRIPT END 

[10-06-2022 07:53:56]info: linkedIn_worker SCRIPT START
[10-06-2022 07:53:56]info: linkedIn_worker SCRIPT END 

[10-06-2022 07:54:09]info: linkedIn_worker SCRIPT START
[10-06-2022 07:54:09]info: linkedIn_worker SCRIPT END 

[10-06-2022 07:54:43]info: linkedIn_worker SCRIPT START
[10-06-2022 07:54:43]info: linkedIn_worker SCRIPT END 

[10-06-2022 07:55:10]info: linkedIn_worker SCRIPT START
[10-06-2022 07:55:10]info: linkedIn_worker SCRIPT END 

[10-06-2022 07:56:11]info: linkedIn_worker SCRIPT START
[10-06-2022 07:56:11]info: linkedIn_worker SCRIPT END 

[10-06-2022 07:58:22]info: linkedIn_worker SCRIPT START
[10-06-2022 07:58:22]info: linkedIn_worker SCRIPT END 

[10-06-2022 07:59:21]info: linkedIn_worker SCRIPT START
[10-06-2022 07:59:21]info: linkedIn_worker SCRIPT END 

[10-06-2022 08:00:06]info: linkedIn_worker SCRIPT START
[10-06-2022 08:00:06]info: linkedIn_worker SCRIPT END 

[10-06-2022 08:00:06]info: HTTP method not allowed
[10-06-2022 08:00:11]info: linkedIn_worker SCRIPT START
[10-06-2022 08:00:11]info: linkedIn_worker SCRIPT END 

[10-06-2022 08:00:11]info: HTTP method not allowed
[10-06-2022 08:17:25]info: linkedIn_worker SCRIPT START
[10-06-2022 08:17:25]info: linkedIn_worker SCRIPT END 

[10-06-2022 08:17:28]info: Process unexpectedly closed with status 0
[10-06-2022 08:19:05]info: linkedIn_worker SCRIPT START
[10-06-2022 08:19:05]info: linkedIn_worker SCRIPT END 

[10-06-2022 08:19:31]info: linkedIn_worker SCRIPT START
[10-06-2022 08:19:31]info: linkedIn_worker SCRIPT END 

[10-06-2022 08:19:35]info: Key is not defined
